This is pdfTeX, Version 3.14159265-2.6-1.40.19 (TeX Live 2018) (preloaded format=pdflatex 2018.12.5)  5 DEC 2018 12:14
entering extended mode
 restricted \write18 enabled.
 file:line:error style messages enabled.
 %&-line parsing enabled.
**title_page_1.tex
(./title_page_1.tex
LaTeX2e <2018-04-01> patch level 2
Babel <3.18> and hyphenation patterns for 22 language(s) loaded.
(/usr/local/texlive/2018basic/texmf-dist/tex/latex/base/article.cls
Document Class: article 2014/09/29 v1.4h Standard LaTeX document class
(/usr/local/texlive/2018basic/texmf-dist/tex/latex/base/size12.clo
File: size12.clo 2014/09/29 v1.4h Standard LaTeX file (size option)
)
\c@part=\count80
\c@section=\count81
\c@subsection=\count82
\c@subsubsection=\count83
\c@paragraph=\count84
\c@subparagraph=\count85
\c@figure=\count86
\c@table=\count87
\abovecaptionskip=\skip41
\belowcaptionskip=\skip42
\bibindent=\dimen102
) (/usr/local/texlive/2018basic/texmf-dist/tex/generic/babel/babel.sty
Package: babel 2018/02/14 3.18 The Babel package
 (/usr/local/texlive/2018basic/texmf-dist/tex/generic/babel/switch.def
File: switch.def 2018/02/14 3.18 Babel switching mechanism
) (/usr/local/texlive/2018basic/texmf-dist/tex/generic/babel-english/english.ldf
Language: english 2017/06/06 v3.3r English support from the babel system
 (/usr/local/texlive/2018basic/texmf-dist/tex/generic/babel/babel.def
File: babel.def 2018/02/14 3.18 Babel common definitions
\babel@savecnt=\count88
\U@D=\dimen103
 (/usr/local/texlive/2018basic/texmf-dist/tex/generic/babel/txtbabel.def)
\bbl@dirlevel=\count89
)
\l@canadian = a dialect from \language\l@american 
\l@australian = a dialect from \language\l@british 
\l@newzealand = a dialect from \language\l@british 
)) (/usr/local/texlive/2018basic/texmf-dist/tex/latex/base/inputenc.sty
Package: inputenc 2018/04/06 v1.3b Input encoding file
\inpenc@prehook=\toks14
\inpenc@posthook=\toks15
) (/usr/local/texlive/2018basic/texmf-dist/tex/latex/amsmath/amsmath.sty
Package: amsmath 2017/09/02 v2.17a AMS math features
\@mathmargin=\skip43

For additional information on amsmath, use the `?' option.
(/usr/local/texlive/2018basic/texmf-dist/tex/latex/amsmath/amstext.sty
Package: amstext 2000/06/29 v2.01 AMS text
 (/usr/local/texlive/2018basic/texmf-dist/tex/latex/amsmath/amsgen.sty
File: amsgen.sty 1999/11/30 v2.0 generic functions
\@emptytoks=\toks16
\ex@=\dimen104
)) (/usr/local/texlive/2018basic/texmf-dist/tex/latex/amsmath/amsbsy.sty
Package: amsbsy 1999/11/29 v1.2d Bold Symbols
\pmbraise@=\dimen105
) (/usr/local/texlive/2018basic/texmf-dist/tex/latex/amsmath/amsopn.sty
Package: amsopn 2016/03/08 v2.02 operator names
)
\inf@bad=\count90
LaTeX Info: Redefining \frac on input line 213.
\uproot@=\count91
\leftroot@=\count92
LaTeX Info: Redefining \overline on input line 375.
\classnum@=\count93
\DOTSCASE@=\count94
LaTeX Info: Redefining \ldots on input line 472.
LaTeX Info: Redefining \dots on input line 475.
LaTeX Info: Redefining \cdots on input line 596.
\Mathstrutbox@=\box26
\strutbox@=\box27
\big@size=\dimen106
LaTeX Font Info:    Redeclaring font encoding OML on input line 712.
LaTeX Font Info:    Redeclaring font encoding OMS on input line 713.
\macc@depth=\count95
\c@MaxMatrixCols=\count96
\dotsspace@=\muskip10
\c@parentequation=\count97
\dspbrk@lvl=\count98
\tag@help=\toks17
\row@=\count99
\column@=\count100
\maxfields@=\count101
\andhelp@=\toks18
\eqnshift@=\dimen107
\alignsep@=\dimen108
\tagshift@=\dimen109
\tagwidth@=\dimen110
\totwidth@=\dimen111
\lineht@=\dimen112
\@envbody=\toks19
\multlinegap=\skip44
\multlinetaggap=\skip45
\mathdisplay@stack=\toks20
LaTeX Info: Redefining \[ on input line 2817.
LaTeX Info: Redefining \] on input line 2818.
) (/usr/local/texlive/2018basic/texmf-dist/tex/latex/graphics/graphicx.sty
Package: graphicx 2017/06/01 v1.1a Enhanced LaTeX Graphics (DPC,SPQR)
 (/usr/local/texlive/2018basic/texmf-dist/tex/latex/graphics/keyval.sty
Package: keyval 2014/10/28 v1.15 key=value parser (DPC)
\KV@toks@=\toks21
) (/usr/local/texlive/2018basic/texmf-dist/tex/latex/graphics/graphics.sty
Package: graphics 2017/06/25 v1.2c Standard LaTeX Graphics (DPC,SPQR)
 (/usr/local/texlive/2018basic/texmf-dist/tex/latex/graphics/trig.sty
Package: trig 2016/01/03 v1.10 sin cos tan (DPC)
) (/usr/local/texlive/2018basic/texmf-dist/tex/latex/graphics-cfg/graphics.cfg
File: graphics.cfg 2016/06/04 v1.11 sample graphics configuration
)
Package graphics Info: Driver file: pdftex.def on input line 99.
 (/usr/local/texlive/2018basic/texmf-dist/tex/latex/graphics-def/pdftex.def
File: pdftex.def 2018/01/08 v1.0l Graphics/color driver for pdftex
))
\Gin@req@height=\dimen113
\Gin@req@width=\dimen114
) (/usr/local/texlive/2018basic/texmf-dist/tex/latex/mhchem/mhchem.sty
Package: mhchem 2018/06/22 v4.08 for typesetting chemical formulae
 (/usr/local/texlive/2018basic/texmf-dist/tex/latex/l3kernel/expl3.sty
Package: expl3 2018/03/05 L3 programming layer (loader) 
 (/usr/local/texlive/2018basic/texmf-dist/tex/latex/l3kernel/expl3-code.tex
Package: expl3 2018/03/05 L3 programming layer (code)
\c_max_int=\count102
\l_tmpa_int=\count103
\l_tmpb_int=\count104
\g_tmpa_int=\count105
\g_tmpb_int=\count106
\g__intarray_font_int=\count107
\g__prg_map_int=\count108
\c_log_iow=\count109
\l_iow_line_count_int=\count110
\l__iow_line_target_int=\count111
\l__iow_one_indent_int=\count112
\l__iow_indent_int=\count113
\c_zero_dim=\dimen115
\c_max_dim=\dimen116
\l_tmpa_dim=\dimen117
\l_tmpb_dim=\dimen118
\g_tmpa_dim=\dimen119
\g_tmpb_dim=\dimen120
\c_zero_skip=\skip46
\c_max_skip=\skip47
\l_tmpa_skip=\skip48
\l_tmpb_skip=\skip49
\g_tmpa_skip=\skip50
\g_tmpb_skip=\skip51
\c_zero_muskip=\muskip11
\c_max_muskip=\muskip12
\l_tmpa_muskip=\muskip13
\l_tmpb_muskip=\muskip14
\g_tmpa_muskip=\muskip15
\g_tmpb_muskip=\muskip16
\l_keys_choice_int=\count114
\c__fp_leading_shift_int=\count115
\c__fp_middle_shift_int=\count116
\c__fp_trailing_shift_int=\count117
\c__fp_big_leading_shift_int=\count118
\c__fp_big_middle_shift_int=\count119
\c__fp_big_trailing_shift_int=\count120
\c__fp_Bigg_leading_shift_int=\count121
\c__fp_Bigg_middle_shift_int=\count122
\c__fp_Bigg_trailing_shift_int=\count123
\c__fp_rand_size_int=\count124
\c__fp_rand_four_int=\count125
\c__fp_rand_eight_int=\count126
\l__sort_length_int=\count127
\l__sort_min_int=\count128
\l__sort_top_int=\count129
\l__sort_max_int=\count130
\l__sort_true_max_int=\count131
\l__sort_block_int=\count132
\l__sort_begin_int=\count133
\l__sort_end_int=\count134
\l__sort_A_int=\count135
\l__sort_B_int=\count136
\l__sort_C_int=\count137
\l__tl_build_start_index_int=\count138
\l__tl_build_index_int=\count139
\l__tl_analysis_normal_int=\count140
\l__tl_analysis_index_int=\count141
\l__tl_analysis_nesting_int=\count142
\l__tl_analysis_type_int=\count143
\l__regex_internal_a_int=\count144
\l__regex_internal_b_int=\count145
\l__regex_internal_c_int=\count146
\l__regex_balance_int=\count147
\l__regex_group_level_int=\count148
\l__regex_mode_int=\count149
\c__regex_cs_in_class_mode_int=\count150
\c__regex_cs_mode_int=\count151
\l__regex_catcodes_int=\count152
\l__regex_default_catcodes_int=\count153
\c__regex_catcode_D_int=\count154
\c__regex_catcode_S_int=\count155
\c__regex_catcode_L_int=\count156
\c__regex_catcode_O_int=\count157
\c__regex_catcode_A_int=\count158
\c__regex_all_catcodes_int=\count159
\l__regex_show_lines_int=\count160
\l__regex_min_state_int=\count161
\l__regex_max_state_int=\count162
\l__regex_left_state_int=\count163
\l__regex_right_state_int=\count164
\l__regex_capturing_group_int=\count165
\l__regex_min_pos_int=\count166
\l__regex_max_pos_int=\count167
\l__regex_curr_pos_int=\count168
\l__regex_start_pos_int=\count169
\l__regex_success_pos_int=\count170
\l__regex_curr_char_int=\count171
\l__regex_curr_catcode_int=\count172
\l__regex_last_char_int=\count173
\l__regex_case_changed_char_int=\count174
\l__regex_curr_state_int=\count175
\l__regex_step_int=\count176
\l__regex_min_active_int=\count177
\l__regex_max_active_int=\count178
\l__regex_replacement_csnames_int=\count179
\l__regex_match_count_int=\count180
\l__regex_min_submatch_int=\count181
\l__regex_submatch_int=\count182
\l__regex_zeroth_submatch_int=\count183
\g__regex_trace_regex_int=\count184
\c_empty_box=\box28
\l_tmpa_box=\box29
\l_tmpb_box=\box30
\g_tmpa_box=\box31
\g_tmpb_box=\box32
\l__box_top_dim=\dimen121
\l__box_bottom_dim=\dimen122
\l__box_left_dim=\dimen123
\l__box_right_dim=\dimen124
\l__box_top_new_dim=\dimen125
\l__box_bottom_new_dim=\dimen126
\l__box_left_new_dim=\dimen127
\l__box_right_new_dim=\dimen128
\l__box_internal_box=\box33
\l__coffin_internal_box=\box34
\l__coffin_internal_dim=\dimen129
\l__coffin_offset_x_dim=\dimen130
\l__coffin_offset_y_dim=\dimen131
\l__coffin_x_dim=\dimen132
\l__coffin_y_dim=\dimen133
\l__coffin_x_prime_dim=\dimen134
\l__coffin_y_prime_dim=\dimen135
\c_empty_coffin=\box35
\l__coffin_aligned_coffin=\box36
\l__coffin_aligned_internal_coffin=\box37
\l_tmpa_coffin=\box38
\l_tmpb_coffin=\box39
\l__coffin_display_coffin=\box40
\l__coffin_display_coord_coffin=\box41
\l__coffin_display_pole_coffin=\box42
\l__coffin_display_offset_dim=\dimen136
\l__coffin_display_x_dim=\dimen137
\l__coffin_display_y_dim=\dimen138
\l__coffin_bounding_shift_dim=\dimen139
\l__coffin_left_corner_dim=\dimen140
\l__coffin_right_corner_dim=\dimen141
\l__coffin_bottom_corner_dim=\dimen142
\l__coffin_top_corner_dim=\dimen143
\l__coffin_scaled_total_height_dim=\dimen144
\l__coffin_scaled_width_dim=\dimen145
)
(/usr/local/texlive/2018basic/texmf-dist/tex/latex/l3kernel/l3pdfmode.def
File: l3pdfmode.def 2017/03/18 v L3 Experimental driver: PDF mode
\l__driver_color_stack_int=\count185
)) (/usr/local/texlive/2018basic/texmf-dist/tex/latex/l3packages/l3keys2e/l3keys2e.sty
Package: l3keys2e 2018/02/21 LaTeX2e option processing using LaTeX3 keys
) (/usr/local/texlive/2018basic/texmf-dist/tex/latex/tools/calc.sty
Package: calc 2017/05/25 v4.3 Infix arithmetic (KKT,FJ)
\calc@Acount=\count186
\calc@Bcount=\count187
\calc@Adimen=\dimen146
\calc@Bdimen=\dimen147
\calc@Askip=\skip52
\calc@Bskip=\skip53
LaTeX Info: Redefining \setlength on input line 80.
LaTeX Info: Redefining \addtolength on input line 81.
\calc@Ccount=\count188
\calc@Cskip=\skip54
) (/usr/local/texlive/2018basic/texmf-dist/tex/latex/chemgreek/chemgreek.sty (/usr/local/texlive/2018basic/texmf-dist/tex/latex/l3packages/xparse/xparse.sty
Package: xparse 2018/02/21 L3 Experimental document command parser
\l__xparse_current_arg_int=\count189
\g__xparse_grabber_int=\count190
\l__xparse_m_args_int=\count191
\l__xparse_mandatory_args_int=\count192
\l__xparse_v_nesting_int=\count193
)
Package: chemgreek 2016/12/20 v1.1 interfaceforuprightgreeklettersforuseinchemistry (CN)
\l__chemgreek_tmpa_int=\count194
\g__chemgreek_tmpa_int=\count195
.................................................
. LaTeX info: "xparse/define-command"
. 
. Defining command \newchemgreekmapping with sig. 'O{}mm' on line 336.
.................................................
.................................................
. LaTeX info: "xparse/define-command"
. 
. Defining command \renewchemgreekmapping with sig. 'O{}mm' on line 339.
.................................................
.................................................
. LaTeX info: "xparse/define-command"
. 
. Defining command \declarechemgreekmapping with sig. 'O{}mm' on line 342.
.................................................
.................................................
. LaTeX info: "xparse/define-command"
. 
. Defining command \newchemgreekmappingalias with sig. 'mm' on line 347.
.................................................
.................................................
. LaTeX info: "xparse/define-command"
. 
. Defining command \renewchemgreekmappingalias with sig. 'mm' on line 350.
.................................................
.................................................
. LaTeX info: "xparse/define-command"
. 
. Defining command \declarechemgreekmappingalias with sig. 'mm' on line 353.
.................................................
.................................................
. LaTeX info: "xparse/define-command"
. 
. Defining command \changechemgreeksymbol with sig. 'mmmm' on line 383.
.................................................
.................................................
. LaTeX info: "xparse/define-command"
. 
. Defining command \chemgreekmappingsymbol with sig. 'mm' on line 477.
.................................................
.................................................
. LaTeX info: "xparse/define-command"
. 
. Defining command \activatechemgreekmapping with sig. 'sm' on line 486.
.................................................
.................................................
. LaTeX info: "xparse/define-command"
. 
. Defining command \selectchemgreekmapping with sig. 'm' on line 491.
.................................................
)
\l__mhchem_ce_distanceFromLastComma_int=\count196
\__mhchem_arrow_extPgfLength_skip=\skip55
\mhchem@minispace@tmp=\skip56
\mhchem@minibackspace@tmp=\skip57
\mhchem@bondwidth=\skip58
\mhchem@bondheight=\skip59
\mhchem@smallbondwidth@tmpA=\skip60
\mhchem@smallbondwidth@tmpB=\skip61
\mhchem@smallbondwidth=\skip62
\mhchem@bondtmp@minussidebearingleft=\skip63
\mhchem@bondtmp@minussidebearingright=\skip64
\l__mhchem_option_version_int=\count197
\mhchem@option@minusmathsidebearingleft=\dimen148
\mhchem@option@minusmathsidebearingright=\dimen149
\mhchem@option@minustextsidebearingleft=\dimen150
\mhchem@option@minustextsidebearingright=\dimen151
) (/usr/local/texlive/2018basic/texmf-dist/tex/latex/mathtools/mathtools.sty
Package: mathtools 2018/01/08 v1.21 mathematical typesetting tools
 (/usr/local/texlive/2018basic/texmf-dist/tex/latex/mathtools/mhsetup.sty
Package: mhsetup 2017/03/31 v1.3 programming setup (MH)
)
LaTeX Info: Thecontrolsequence`\('isalreadyrobust on input line 129.
LaTeX Info: Thecontrolsequence`\)'isalreadyrobust on input line 129.
LaTeX Info: Thecontrolsequence`\['isalreadyrobust on input line 129.
LaTeX Info: Thecontrolsequence`\]'isalreadyrobust on input line 129.
\g_MT_multlinerow_int=\count198
\l_MT_multwidth_dim=\dimen152
\origjot=\skip65
\l_MT_shortvdotswithinadjustabove_dim=\dimen153
\l_MT_shortvdotswithinadjustbelow_dim=\dimen154
\l_MT_above_intertext_sep=\dimen155
\l_MT_below_intertext_sep=\dimen156
\l_MT_above_shortintertext_sep=\dimen157
\l_MT_below_shortintertext_sep=\dimen158
) (/usr/local/texlive/2018basic/texmf-dist/tex/latex/geometry/geometry.sty
Package: geometry 2018/03/24 v5.7 Page Geometry
 (/usr/local/texlive/2018basic/texmf-dist/tex/generic/oberdiek/ifpdf.sty
Package: ifpdf 2017/03/15 v3.2 Provides the ifpdf switch
) (/usr/local/texlive/2018basic/texmf-dist/tex/generic/oberdiek/ifvtex.sty
Package: ifvtex 2016/05/16 v1.6 Detect VTeX and its facilities (HO)
Package ifvtex Info: VTeX not detected.
) (/usr/local/texlive/2018basic/texmf-dist/tex/generic/ifxetex/ifxetex.sty
Package: ifxetex 2010/09/12 v0.6 Provides ifxetex conditional
)
\Gm@cnth=\count199
\Gm@cntv=\count266
\c@Gm@tempcnt=\count267
\Gm@bindingoffset=\dimen159
\Gm@wd@mp=\dimen160
\Gm@odd@mp=\dimen161
\Gm@even@mp=\dimen162
\Gm@layoutwidth=\dimen163
\Gm@layoutheight=\dimen164
\Gm@layouthoffset=\dimen165
\Gm@layoutvoffset=\dimen166
\Gm@dimlist=\toks22
) (./title_page_1.aux)
\openout1 = `title_page_1.aux'.

LaTeX Font Info:    Checking defaults for OML/cmm/m/it on input line 17.
LaTeX Font Info:    ... okay on input line 17.
LaTeX Font Info:    Checking defaults for T1/cmr/m/n on input line 17.
LaTeX Font Info:    ... okay on input line 17.
LaTeX Font Info:    Checking defaults for OT1/cmr/m/n on input line 17.
LaTeX Font Info:    ... okay on input line 17.
LaTeX Font Info:    Checking defaults for OMS/cmsy/m/n on input line 17.
LaTeX Font Info:    ... okay on input line 17.
LaTeX Font Info:    Checking defaults for OMX/cmex/m/n on input line 17.
LaTeX Font Info:    ... okay on input line 17.
LaTeX Font Info:    Checking defaults for U/cmr/m/n on input line 17.
LaTeX Font Info:    ... okay on input line 17.
 (/usr/local/texlive/2018basic/texmf-dist/tex/context/base/mkii/supp-pdf.mkii
[Loading MPS to PDF converter (version 2006.09.02).]
\scratchcounter=\count268
\scratchdimen=\dimen167
\scratchbox=\box43
\nofMPsegments=\count269
\nofMParguments=\count270
\everyMPshowfont=\toks23
\MPscratchCnt=\count271
\MPscratchDim=\dimen168
\MPnumerator=\count272
\makeMPintoPDFobject=\count273
\everyMPtoPDFconversion=\toks24
) (/usr/local/texlive/2018basic/texmf-dist/tex/latex/oberdiek/epstopdf-base.sty
Package: epstopdf-base 2016/05/15 v2.6 Base part for package epstopdf
 (/usr/local/texlive/2018basic/texmf-dist/tex/generic/oberdiek/infwarerr.sty
Package: infwarerr 2016/05/16 v1.4 Providing info/warning/error messages (HO)
) (/usr/local/texlive/2018basic/texmf-dist/tex/latex/oberdiek/grfext.sty
Package: grfext 2016/05/16 v1.2 Manage graphics extensions (HO)
 (/usr/local/texlive/2018basic/texmf-dist/tex/generic/oberdiek/kvdefinekeys.sty
Package: kvdefinekeys 2016/05/16 v1.4 Define keys (HO)
 (/usr/local/texlive/2018basic/texmf-dist/tex/generic/oberdiek/ltxcmds.sty
Package: ltxcmds 2016/05/16 v1.23 LaTeX kernel commands for general use (HO)
))) (/usr/local/texlive/2018basic/texmf-dist/tex/latex/oberdiek/kvoptions.sty
Package: kvoptions 2016/05/16 v3.12 Key value format for package options (HO)
 (/usr/local/texlive/2018basic/texmf-dist/tex/generic/oberdiek/kvsetkeys.sty
Package: kvsetkeys 2016/05/16 v1.17 Key value parser (HO)
 (/usr/local/texlive/2018basic/texmf-dist/tex/generic/oberdiek/etexcmds.sty
Package: etexcmds 2016/05/16 v1.6 Avoid name clashes with e-TeX commands (HO)
 (/usr/local/texlive/2018basic/texmf-dist/tex/generic/oberdiek/ifluatex.sty
Package: ifluatex 2016/05/16 v1.4 Provides the ifluatex switch (HO)
Package ifluatex Info: LuaTeX not detected.
)
Package etexcmds Info: Could not find \expanded.
(etexcmds)             That can mean that you are not using pdfTeX 1.50 or
(etexcmds)             that some package has redefined \expanded.
(etexcmds)             In the latter case, load this package earlier.
))) (/usr/local/texlive/2018basic/texmf-dist/tex/generic/oberdiek/pdftexcmds.sty
Package: pdftexcmds 2018/01/30 v0.27 Utility functions of pdfTeX for LuaTeX (HO)
Package pdftexcmds Info: LuaTeX not detected.
Package pdftexcmds Info: \pdf@primitive is available.
Package pdftexcmds Info: \pdf@ifprimitive is available.
Package pdftexcmds Info: \pdfdraftmode found.
)
Package epstopdf-base Info: Redefining graphics rule for `.eps' on input line 438.
Package grfext Info: Graphics extension search list:
(grfext)             [.pdf,.png,.jpg,.mps,.jpeg,.jbig2,.jb2,.PDF,.PNG,.JPG,.JPEG,.JBIG2,.JB2,.eps]
(grfext)             \AppendGraphicsExtensions on input line 456.
 (/usr/local/texlive/2018basic/texmf-dist/tex/latex/latexconfig/epstopdf-sys.cfg
File: epstopdf-sys.cfg 2010/07/13 v1.3 Configuration of (r)epstopdf for TeX Live
))
.................................................
. chemgreek info: "mapping-activated"
. 
. Activating mapping `default' on line 17.
.................................................

*geometry* driver: auto-detecting
*geometry* detected driver: pdftex
*geometry* verbose mode - [ preamble ] result:
* driver: pdftex
* paper: <default>
* layout: <same size as paper>
* layoutoffset:(h,v)=(0.0pt,0.0pt)
* modes: 
* h-part:(L,W,R)=(57.81621pt, 498.66258pt, 57.81621pt)
* v-part:(T,H,B)=(57.81621pt, 679.33757pt, 57.81621pt)
* \paperwidth=614.295pt
* \paperheight=794.96999pt
* \textwidth=498.66258pt
* \textheight=679.33757pt
* \oddsidemargin=-14.45378pt
* \evensidemargin=-14.45378pt
* \topmargin=-51.45378pt
* \headheight=12.0pt
* \headsep=25.0pt
* \topskip=12.0pt
* \footskip=30.0pt
* \marginparwidth=44.0pt
* \marginparsep=10.0pt
* \columnsep=10.0pt
* \skip\footins=10.8pt plus 4.0pt minus 2.0pt
* \hoffset=0.0pt
* \voffset=0.0pt
* \mag=1000
* \@twocolumnfalse
* \@twosidefalse
* \@mparswitchfalse
* \@reversemarginfalse
* (1in=72.27pt=25.4mm, 1cm=28.453pt)

[1

{/usr/local/texlive/2018basic/texmf-var/fonts/map/pdftex/updmap/pdftex.map}] (./title_page_1.toc [2] [3] [4])
\tf@toc=\write3
\openout3 = `title_page_1.toc'.

 [5]
LaTeX Font Info:    Try loading font information for OMS+cmr on input line 31.
 (/usr/local/texlive/2018basic/texmf-dist/tex/latex/base/omscmr.fd
File: omscmr.fd 2014/09/29 v2.5h Standard LaTeX font definitions
)
LaTeX Font Info:    Font shape `OMS/cmr/m/n' in size <12> not available
(Font)              Font shape `OMS/cmsy/m/n' tried instead on input line 31.
<figures/diffusion_premixed.png, id=24, 696.6025pt x 236.885pt>
File: figures/diffusion_premixed.png Graphic file (type png)
<use figures/diffusion_premixed.png>
Package pdftex.def Info: figures/diffusion_premixed.png  used on input line 37.
(pdftex.def)             Requested size: 398.93158pt x 135.65839pt.
 [6 <./figures/diffusion_premixed.png>]
<figures/flame_solid.png, id=32, 209.78375pt x 334.24875pt>
File: figures/flame_solid.png Graphic file (type png)
<use figures/flame_solid.png>
Package pdftex.def Info: figures/flame_solid.png  used on input line 66.
(pdftex.def)             Requested size: 149.6003pt x 238.3587pt.
<figures/hybrid.png, id=33, 558.085pt x 230.8625pt>
File: figures/hybrid.png Graphic file (type png)
<use figures/hybrid.png>
Package pdftex.def Info: figures/hybrid.png  used on input line 73.
(pdftex.def)             Requested size: 398.93158pt x 165.0302pt.
 [7 <./figures/flame_solid.png> <./figures/hybrid.png>]
<figures/premixed_structure.png, id=40, 553.06625pt x 442.65375pt>
File: figures/premixed_structure.png Graphic file (type png)
<use figures/premixed_structure.png>
Package pdftex.def Info: figures/premixed_structure.png  used on input line 91.
(pdftex.def)             Requested size: 249.33128pt x 199.55031pt.
<figures/diffusion_structure.png, id=41, 612.2875pt x 326.21875pt>
File: figures/diffusion_structure.png Graphic file (type png)
<use figures/diffusion_structure.png>
Package pdftex.def Info: figures/diffusion_structure.png  used on input line 97.
(pdftex.def)             Requested size: 249.33128pt x 132.83963pt.
 [8 <./figures/premixed_structure.png> <./figures/diffusion_structure.png>] [9] [10]
<figures/dissociation.png, id=58, 600.2425pt x 396.48125pt>
File: figures/dissociation.png Graphic file (type png)
<use figures/dissociation.png>
Package pdftex.def Info: figures/dissociation.png  used on input line 225.
(pdftex.def)             Requested size: 249.33128pt x 164.68788pt.
 [11] [12 <./figures/dissociation.png>] [13]
<figures/availablevsabsorbed.png, id=72, 591.20876pt x 355.3275pt>
File: figures/availablevsabsorbed.png Graphic file (type png)
<use figures/availablevsabsorbed.png>
Package pdftex.def Info: figures/availablevsabsorbed.png  used on input line 333.
(pdftex.def)             Requested size: 299.20059pt x 179.82661pt.
 [14 <./figures/availablevsabsorbed.png>] [15]
<figures/pointc.png, id=80, 639.38875pt x 624.3325pt>
File: figures/pointc.png Graphic file (type png)
<use figures/pointc.png>
Package pdftex.def Info: figures/pointc.png  used on input line 417.
(pdftex.def)             Requested size: 174.53494pt x 170.42017pt.
<figures/arr1.png, id=81, 419.5675pt x 327.2225pt>
File: figures/arr1.png Graphic file (type png)
<use figures/arr1.png>
Package pdftex.def Info: figures/arr1.png  used on input line 428.
(pdftex.def)             Requested size: 199.46307pt x 101.89728pt.
<figures/arr2.png, id=82, 427.5975pt x 297.11pt>
File: figures/arr2.png Graphic file (type png)
<use figures/arr2.png>
Package pdftex.def Info: figures/arr2.png  used on input line 432.
(pdftex.def)             Requested size: 199.46367pt x 101.89555pt.
 [16 <./figures/pointc.png>] [17 <./figures/arr1.png> <./figures/arr2.png>] [18] [19] [20]
<figures/speed.png, id=102, 492.84125pt x 350.30875pt>
File: figures/speed.png Graphic file (type png)
<use figures/speed.png>
Package pdftex.def Info: figures/speed.png  used on input line 636.
(pdftex.def)             Requested size: 299.20059pt x 212.67776pt.
<figures/burke.png, id=103, 601.24625pt x 259.97125pt>
File: figures/burke.png Graphic file (type png)
<use figures/burke.png>
Package pdftex.def Info: figures/burke.png  used on input line 652.
(pdftex.def)             Requested size: 398.93158pt x 172.4979pt.
 [21 <./figures/speed.png>] [22 <./figures/burke.png>]
<figures/schumann.png, id=112, 659.46375pt x 440.64626pt>
File: figures/schumann.png Graphic file (type png)
<use figures/schumann.png>
Package pdftex.def Info: figures/schumann.png  used on input line 693.
(pdftex.def)             Requested size: 299.20059pt x 199.92957pt.
<figures/stability2.png, id=113, 620.3175pt x 284.06125pt>
File: figures/stability2.png Graphic file (type png)
<use figures/stability2.png>
Package pdftex.def Info: figures/stability2.png  used on input line 704.
(pdftex.def)             Requested size: 299.20059pt x 137.011pt.
 [23 <./figures/schumann.png> <./figures/stability2.png>]
<figures/flash.png, id=119, 665.48625pt x 247.92625pt>
File: figures/flash.png Graphic file (type png)
<use figures/flash.png>
Package pdftex.def Info: figures/flash.png  used on input line 726.
(pdftex.def)             Requested size: 448.79327pt x 167.19923pt.
<figures/quenching.png, id=120, 378.41376pt x 503.8825pt>
File: figures/quenching.png Graphic file (type png)
<use figures/quenching.png>
Package pdftex.def Info: figures/quenching.png  used on input line 744.
(pdftex.def)             Requested size: 199.46198pt x 265.59561pt.
 [24 <./figures/flash.png>]
<figures/stableflame.png, id=125, 537.00626pt x 275.0275pt>
File: figures/stableflame.png Graphic file (type png)
<use figures/stableflame.png>
Package pdftex.def Info: figures/stableflame.png  used on input line 767.
(pdftex.def)             Requested size: 249.33128pt x 127.69342pt.
 [25 <./figures/quenching.png> <./figures/stableflame.png>]
<figures/thermallossgain.png, id=132, 720.6925pt x 328.22626pt>
File: figures/thermallossgain.png Graphic file (type png)
<use figures/thermallossgain.png>
Package pdftex.def Info: figures/thermallossgain.png  used on input line 820.
(pdftex.def)             Requested size: 299.20059pt x 136.26143pt.
 [26]
<figures/dashed.png, id=136, 627.34375pt x 472.76625pt>
File: figures/dashed.png Graphic file (type png)
<use figures/dashed.png>
Package pdftex.def Info: figures/dashed.png  used on input line 840.
(pdftex.def)             Requested size: 249.33128pt x 187.89844pt.
 [27 <./figures/thermallossgain.png> <./figures/dashed.png>]
<figures/solid.png, id=142, 514.92375pt x 454.69875pt>
File: figures/solid.png Graphic file (type png)
<use figures/solid.png>
Package pdftex.def Info: figures/solid.png  used on input line 871.
(pdftex.def)             Requested size: 299.20059pt x 264.21112pt.
 [28 <./figures/solid.png>]
<figures/explosion.png, id=147, 404.51125pt x 472.76625pt>
File: figures/explosion.png Graphic file (type png)
<use figures/explosion.png>
Package pdftex.def Info: figures/explosion.png  used on input line 891.
(pdftex.def)             Requested size: 199.46198pt x 233.12189pt.
<figures/kerosene.png, id=148, 304.13625pt x 366.36874pt>
File: figures/kerosene.png Graphic file (type png)
<use figures/kerosene.png>
Package pdftex.def Info: figures/kerosene.png  used on input line 904.
(pdftex.def)             Requested size: 149.6003pt x 180.21545pt.
 [29 <./figures/explosion.png>]
<figures/kerosene2.png, id=153, 324.21124pt x 507.8975pt>
File: figures/kerosene2.png Graphic file (type png)
<use figures/kerosene2.png>
Package pdftex.def Info: figures/kerosene2.png  used on input line 911.
(pdftex.def)             Requested size: 149.6003pt x 234.35643pt.
<figures/kerosene3.png, id=154, 287.0725pt x 412.54124pt>
File: figures/kerosene3.png Graphic file (type png)
<use figures/kerosene3.png>
Package pdftex.def Info: figures/kerosene3.png  used on input line 918.
(pdftex.def)             Requested size: 149.6003pt x 214.9885pt.
 [30 <./figures/kerosene.png> <./figures/kerosene2.png>] [31 <./figures/kerosene3.png>]
<figures/droplet.png, id=165, 435.6275pt x 325.215pt>
File: figures/droplet.png Graphic file (type png)
<use figures/droplet.png>
Package pdftex.def Info: figures/droplet.png  used on input line 944.
(pdftex.def)             Requested size: 249.33128pt x 186.13371pt.
 [32 <./figures/droplet.png>]
<figures/droprate.png, id=170, 615.29875pt x 215.80624pt>
File: figures/droprate.png Graphic file (type png)
<use figures/droprate.png>
Package pdftex.def Info: figures/droprate.png  used on input line 992.
(pdftex.def)             Requested size: 398.93158pt x 139.92004pt.
<figures/flamediameter.png, id=171, 593.21625pt x 297.11pt>
File: figures/flamediameter.png Graphic file (type png)
<use figures/flamediameter.png>
Package pdftex.def Info: figures/flamediameter.png  used on input line 1002.
(pdftex.def)             Requested size: 398.93158pt x 199.81068pt.
 [33 <./figures/droprate.png>]
<figures/spraycomb.png, id=176, 547.04375pt x 655.44875pt>
File: figures/spraycomb.png Graphic file (type png)
<use figures/spraycomb.png>
Package pdftex.def Info: figures/spraycomb.png  used on input line 1029.
(pdftex.def)             Requested size: 199.46198pt x 238.99176pt.
 [34 <./figures/flamediameter.png>]
<figures/distribution.png, id=181, 596.2275pt x 432.61626pt>
File: figures/distribution.png Graphic file (type png)
<use figures/distribution.png>
Package pdftex.def Info: figures/distribution.png  used on input line 1067.
(pdftex.def)             Requested size: 199.46198pt x 144.72435pt.
 [35 <./figures/spraycomb.png>]
<figures/spraygas.png, id=186, 647.41875pt x 401.5pt>
File: figures/spraygas.png Graphic file (type png)
<use figures/spraygas.png>
Package pdftex.def Info: figures/spraygas.png  used on input line 1080.
(pdftex.def)             Requested size: 299.20059pt x 185.54993pt.
<figures/core.png, id=187, 357.335pt x 381.425pt>
File: figures/core.png Graphic file (type png)
<use figures/core.png>
Package pdftex.def Info: figures/core.png  used on input line 1087.
(pdftex.def)             Requested size: 249.33128pt x 266.14012pt.
 [36 <./figures/distribution.png> <./figures/spraygas.png>] [37 <./figures/core.png>]
<figures/kiva.png, id=198, 696.6025pt x 251.94125pt>
File: figures/kiva.png Graphic file (type png)
<use figures/kiva.png>
Package pdftex.def Info: figures/kiva.png  used on input line 1108.
(pdftex.def)             Requested size: 299.20059pt x 108.2096pt.
<figures/grid.png, id=199, 631.35875pt x 281.05pt>
File: figures/grid.png Graphic file (type png)
<use figures/grid.png>
Package pdftex.def Info: figures/grid.png  used on input line 1115.
(pdftex.def)             Requested size: 199.46198pt x 88.78851pt.
<figures/kiva2.png, id=200, 669.50125pt x 293.095pt>
File: figures/kiva2.png Graphic file (type png)
<use figures/kiva2.png>
Package pdftex.def Info: figures/kiva2.png  used on input line 1122.
(pdftex.def)             Requested size: 299.20059pt x 130.98813pt.
<figures/kiva3.png, id=201, 424.58624pt x 313.17pt>
File: figures/kiva3.png Graphic file (type png)
<use figures/kiva3.png>
Package pdftex.def Info: figures/kiva3.png  used on input line 1129.
(pdftex.def)             Requested size: 249.33128pt x 183.90376pt.
 [38 <./figures/kiva.png> <./figures/grid.png> <./figures/kiva2.png>] [39 <./figures/kiva3.png>] [40]
<figures/simplex.png, id=215, 287.0725pt x 289.08pt>
File: figures/simplex.png Graphic file (type png)
<use figures/simplex.png>
Package pdftex.def Info: figures/simplex.png  used on input line 1200.
(pdftex.def)             Requested size: 249.33128pt x 251.08293pt.
<figures/duplex.png, id=216, 581.17125pt x 216.81pt>
File: figures/duplex.png Graphic file (type png)
<use figures/duplex.png>
Package pdftex.def Info: figures/duplex.png  used on input line 1211.
(pdftex.def)             Requested size: 398.93158pt x 148.82492pt.
<figures/spill.png, id=217, 420.57124pt x 182.6825pt>
File: figures/spill.png Graphic file (type png)
<use figures/spill.png>
Package pdftex.def Info: figures/spill.png  used on input line 1218.
(pdftex.def)             Requested size: 249.33128pt x 108.303pt.
<figures/airblast.png, id=218, 294.09875pt x 228.855pt>
File: figures/airblast.png Graphic file (type png)
<use figures/airblast.png>
Package pdftex.def Info: figures/airblast.png  used on input line 1226.
(pdftex.def)             Requested size: 249.33128pt x 194.02132pt.
 [41 <./figures/simplex.png>] [42 <./figures/duplex.png> <./figures/spill.png> <./figures/airblast.png>]
<figures/turbulent.png, id=229, 580.1675pt x 399.4925pt>
File: figures/turbulent.png Graphic file (type png)
<use figures/turbulent.png>
Package pdftex.def Info: figures/turbulent.png  used on input line 1288.
(pdftex.def)             Requested size: 398.93158pt x 274.69917pt.
 [43] [44 <./figures/turbulent.png>] [45]
File: figures/airblast.png Graphic file (type png)
<use figures/airblast.png>
Package pdftex.def Info: figures/airblast.png  used on input line 1341.
(pdftex.def)             Requested size: 249.33128pt x 194.02132pt.
 [46]
<figures/rankine.png, id=244, 498.86375pt x 323.2075pt>
File: figures/rankine.png Graphic file (type png)
<use figures/rankine.png>
Package pdftex.def Info: figures/rankine.png  used on input line 1384.
(pdftex.def)             Requested size: 249.33128pt x 161.53923pt.
<figures/defla.png, id=245, 519.9425pt x 168.63pt>
File: figures/defla.png Graphic file (type png)
<use figures/defla.png>
Package pdftex.def Info: figures/defla.png  used on input line 1393.
(pdftex.def)             Requested size: 249.33128pt x 80.86427pt.
 [47 <./figures/rankine.png>] [48 <./figures/defla.png>]
<figures/paraffins.png, id=254, 505.89pt x 83.31125pt>
File: figures/paraffins.png Graphic file (type png)
<use figures/paraffins.png>
Package pdftex.def Info: figures/paraffins.png  used on input line 1413.
(pdftex.def)             Requested size: 249.33128pt x 41.06058pt.
<figures/olefins.png, id=255, 532.99126pt x 66.2475pt>
File: figures/olefins.png Graphic file (type png)
<use figures/olefins.png>
Package pdftex.def Info: figures/olefins.png  used on input line 1420.
(pdftex.def)             Requested size: 249.33128pt x 30.98975pt.
<figures/cyclanes.png, id=256, 509.905pt x 86.3225pt>
File: figures/cyclanes.png Graphic file (type png)
<use figures/cyclanes.png>
Package pdftex.def Info: figures/cyclanes.png  used on input line 1428.
(pdftex.def)             Requested size: 249.33128pt x 42.21013pt.
 [49 <./figures/paraffins.png> <./figures/olefins.png> <./figures/cyclanes.png>]
<figures/aromatics.png, id=264, 234.8775pt x 117.43875pt>
File: figures/aromatics.png Graphic file (type png)
<use figures/aromatics.png>
Package pdftex.def Info: figures/aromatics.png  used on input line 1435.
(pdftex.def)             Requested size: 99.73099pt x 49.8651pt.
 [50 <./figures/aromatics.png>] [51] [52]
<figures/table.png, id=276, 632.3625pt x 269.005pt>
File: figures/table.png Graphic file (type png)
<use figures/table.png>
Package pdftex.def Info: figures/table.png  used on input line 1540.
(pdftex.def)             Requested size: 249.33128pt x 106.06493pt.
 [53 <./figures/table.png>] [54] [55]
<figures/pollutants.png, id=288, 707.64375pt x 317.185pt>
File: figures/pollutants.png Graphic file (type png)
<use figures/pollutants.png>
Package pdftex.def Info: figures/pollutants.png  used on input line 1644.
(pdftex.def)             Requested size: 398.93158pt x 178.81297pt.
 [56 <./figures/pollutants.png>]
<figures/gaschamber.png, id=293, 540.0175pt x 158.5925pt>
File: figures/gaschamber.png Graphic file (type png)
<use figures/gaschamber.png>
Package pdftex.def Info: figures/gaschamber.png  used on input line 1663.
(pdftex.def)             Requested size: 349.06227pt x 102.5152pt.
<figures/mixturetable.png, id=294, 501.875pt x 314.17375pt>
File: figures/mixturetable.png Graphic file (type png)
<use figures/mixturetable.png>
Package pdftex.def Info: figures/mixturetable.png  used on input line 1673.
(pdftex.def)             Requested size: 249.33128pt x 156.08455pt.
<figures/airdistribution.png, id=295, 468.75125pt x 182.6825pt>
File: figures/airdistribution.png Graphic file (type png)
<use figures/airdistribution.png>
Package pdftex.def Info: figures/airdistribution.png  used on input line 1685.
(pdftex.def)             Requested size: 299.20059pt x 116.60419pt.
 [57 <./figures/gaschamber.png> <./figures/mixturetable.png>]
<figures/tvsphi.png, id=301, 328.22626pt x 378.41376pt>
File: figures/tvsphi.png Graphic file (type png)
<use figures/tvsphi.png>
Package pdftex.def Info: figures/tvsphi.png  used on input line 1696.
(pdftex.def)             Requested size: 249.33128pt x 287.45886pt.
 [58 <./figures/airdistribution.png> <./figures/tvsphi.png>]
<figures/flame1.png, id=307, 362.35374pt x 272.01625pt>
File: figures/flame1.png Graphic file (type png)
<use figures/flame1.png>
Package pdftex.def Info: figures/flame1.png  used on input line 1703.
(pdftex.def)             Requested size: 249.33128pt x 187.17258pt.
 [59 <./figures/flame1.png>]
<figures/ignitionloop.png, id=312, 313.17pt x 234.8775pt>
File: figures/ignitionloop.png Graphic file (type png)
<use figures/ignitionloop.png>
Package pdftex.def Info: figures/ignitionloop.png  used on input line 1724.
(pdftex.def)             Requested size: 249.33128pt x 187.00269pt.
<figures/flameholder.png, id=313, 553.06625pt x 214.8025pt>
File: figures/flameholder.png Graphic file (type png)
<use figures/flameholder.png>
Package pdftex.def Info: figures/flameholder.png  used on input line 1731.
(pdftex.def)             Requested size: 398.93158pt x 154.93954pt.
 [60 <./figures/ignitionloop.png> <./figures/flameholder.png>]
<figures/ramjetcomp.png, id=319, 581.17125pt x 380.42125pt>
File: figures/ramjetcomp.png Graphic file (type png)
<use figures/ramjetcomp.png>
Package pdftex.def Info: figures/ramjetcomp.png  used on input line 1745.
(pdftex.def)             Requested size: 299.20059pt x 195.85237pt.
<figures/scramjetengine.png, id=320, 580.1675pt x 236.885pt>
File: figures/scramjetengine.png Graphic file (type png)
<use figures/scramjetengine.png>
Package pdftex.def Info: figures/scramjetengine.png  used on input line 1752.
(pdftex.def)             Requested size: 398.93158pt x 162.88695pt.
<figures/ramvsscra.png, id=321, 477.785pt x 440.64626pt>
File: figures/ramvsscra.png Graphic file (type png)
<use figures/ramvsscra.png>
Package pdftex.def Info: figures/ramvsscra.png  used on input line 1761.
(pdftex.def)             Requested size: 349.06227pt x 321.92459pt.
 [61 <./figures/ramjetcomp.png> <./figures/scramjetengine.png>]
<figures/scram2.png, id=328, 617.30624pt x 389.455pt>
File: figures/scram2.png Graphic file (type png)
<use figures/scram2.png>
Package pdftex.def Info: figures/scram2.png  used on input line 1770.
(pdftex.def)             Requested size: 349.06227pt x 220.2267pt.
 [62 <./figures/ramvsscra.png>]
<figures/scramnozzle.png, id=333, 510.90875pt x 433.62pt>
File: figures/scramnozzle.png Graphic file (type png)
<use figures/scramnozzle.png>
Package pdftex.def Info: figures/scramnozzle.png  used on input line 1783.
(pdftex.def)             Requested size: 349.06227pt x 296.25378pt.
 [63 <./figures/scram2.png> <./figures/scramnozzle.png>]
<figures/dualmode.png, id=339, 581.17125pt x 357.335pt>
File: figures/dualmode.png Graphic file (type png)
<use figures/dualmode.png>
Package pdftex.def Info: figures/dualmode.png  used on input line 1794.
(pdftex.def)             Requested size: 398.93158pt x 245.28552pt.
<figures/injescram.png, id=340, 524.96124pt x 561.09625pt>
File: figures/injescram.png Graphic file (type png)
<use figures/injescram.png>
Package pdftex.def Info: figures/injescram.png  used on input line 1801.
(pdftex.def)             Requested size: 249.33128pt x 266.48924pt.
<figures/inje2.png, id=341, 575.14874pt x 278.03876pt>
File: figures/inje2.png Graphic file (type png)
<use figures/inje2.png>
Package pdftex.def Info: figures/inje2.png  used on input line 1806.
(pdftex.def)             Requested size: 249.33128pt x 120.5301pt.
 [64 <./figures/dualmode.png>] [65 <./figures/injescram.png> <./figures/inje2.png>] (./title_page_1.aux) ) 
Here is how much of TeX's memory you used:
 13053 strings out of 494091
 252599 string characters out of 6163523
 322250 words of memory out of 5000000
 16578 multiletter control sequences out of 15000+600000
 536912 words of font info for 45 fonts, out of 8000000 for 9000
 319 hyphenation exceptions out of 8191
 41i,12n,35p,10376b,354s stack positions out of 5000i,500n,10000p,200000b,80000s
</usr/local/texlive/2018basic/texmf-dist/fonts/type1/public/amsfonts/cm/cmbx12.pfb></usr/local/texlive/2018basic/texmf-dist/fonts/type1/public/amsfonts/cm/cmex10.pfb></usr/local/texlive/2018basic/texmf-dist/fonts/type1/public/amsfonts/cm/cmmi10.pfb></usr/local/texlive/2018basic/texmf-dist/fonts/type1/public/amsfonts/cm/cmmi12.pfb></usr/local/texlive/2018basic/texmf-dist/fonts/type1/public/amsfonts/cm/cmmi6.pfb></usr/local/texlive/2018basic/texmf-dist/fonts/type1/public/amsfonts/cm/cmmi8.pfb></usr/local/texlive/2018basic/texmf-dist/fonts/type1/public/amsfonts/cm/cmr10.pfb></usr/local/texlive/2018basic/texmf-dist/fonts/type1/public/amsfonts/cm/cmr12.pfb></usr/local/texlive/2018basic/texmf-dist/fonts/type1/public/amsfonts/cm/cmr17.pfb></usr/local/texlive/2018basic/texmf-dist/fonts/type1/public/amsfonts/cm/cmr6.pfb></usr/local/texlive/2018basic/texmf-dist/fonts/type1/public/amsfonts/cm
/cmr8.pfb></usr/local/texlive/2018basic/texmf-dist/fonts/type1/public/amsfonts/cm/cmsy10.pfb></usr/local/texlive/2018basic/texmf-dist/fonts/type1/public/amsfonts/cm/cmsy6.pfb></usr/local/texlive/2018basic/texmf-dist/fonts/type1/public/amsfonts/cm/cmsy8.pfb></usr/local/texlive/2018basic/texmf-dist/fonts/type1/public/amsfonts/cm/cmti12.pfb>
Output written on title_page_1.pdf (65 pages, 20385106 bytes).
PDF statistics:
 401 PDF objects out of 1000 (max. 8388607)
 191 compressed objects within 2 object streams
 0 named destinations out of 1000 (max. 500000)
 316 words of extra memory for PDF output out of 10000 (max. 10000000)

